Using pre-set license
Built from '2021.3/china_unity/release' branch; Version is '2021.3.4f1c1 (64682593795a) revision 6580261'; Using compiler version '192829333'; Build Type 'Release'
OS: 'Windows 10  (10.0.19044) 64bit Professional' Language: 'zh' Physical Memory: 16290 MB
BatchMode: 1, IsHumanControllingUs: 0, StartBugReporterOnCrash: 0, Is64bit: 1, IsPro: 1

COMMAND LINE ARGUMENTS:
F:\DevelopTools\Unity\Engine\2021.3.4f1c1\Editor\Unity.exe
-adb2
-batchMode
-noUpm
-name
AssetImportWorker0
-projectPath
E:/Projects/Unity/URPDemo
-logFile
Logs/AssetImportWorker0.log
-srvPort
55734
Successfully changed project path to: E:/Projects/Unity/URPDemo
E:/Projects/Unity/URPDemo
[UnityMemory] Configuration Parameters - Can be set up in boot.config
    "memorysetup-bucket-allocator-granularity=16"
    "memorysetup-bucket-allocator-bucket-count=8"
    "memorysetup-bucket-allocator-block-size=33554432"
    "memorysetup-bucket-allocator-block-count=8"
    "memorysetup-main-allocator-block-size=16777216"
    "memorysetup-thread-allocator-block-size=16777216"
    "memorysetup-gfx-main-allocator-block-size=16777216"
    "memorysetup-gfx-thread-allocator-block-size=16777216"
    "memorysetup-cache-allocator-block-size=4194304"
    "memorysetup-typetree-allocator-block-size=2097152"
    "memorysetup-profiler-bucket-allocator-granularity=16"
    "memorysetup-profiler-bucket-allocator-bucket-count=8"
    "memorysetup-profiler-bucket-allocator-block-size=33554432"
    "memorysetup-profiler-bucket-allocator-block-count=8"
    "memorysetup-profiler-allocator-block-size=16777216"
    "memorysetup-profiler-editor-allocator-block-size=1048576"
    "memorysetup-temp-allocator-size-main=16777216"
    "memorysetup-job-temp-allocator-block-size=2097152"
    "memorysetup-job-temp-allocator-block-size-background=1048576"
    "memorysetup-job-temp-allocator-reduction-small-platforms=262144"
    "memorysetup-temp-allocator-size-background-worker=32768"
    "memorysetup-temp-allocator-size-job-worker=262144"
    "memorysetup-temp-allocator-size-preload-manager=33554432"
    "memorysetup-temp-allocator-size-nav-mesh-worker=65536"
    "memorysetup-temp-allocator-size-audio-worker=65536"
    "memorysetup-temp-allocator-size-cloud-worker=32768"
    "memorysetup-temp-allocator-size-gi-baking-worker=262144"
    "memorysetup-temp-allocator-size-gfx=262144"
AS: AutoStreaming module initializing.
Refreshing native plugins compatible for Editor in 84.81 ms, found 3 plugins.
Preloading 0 native plugins for Editor in 0.00 ms.
Initialize engine version: 2021.3.4f1c1 (64682593795a)
[Subsystems] Discovering subsystems at path F:/DevelopTools/Unity/Engine/2021.3.4f1c1/Editor/Data/Resources/UnitySubsystems
[Subsystems] Discovering subsystems at path E:/Projects/Unity/URPDemo/Assets
GfxDevice: creating device client; threaded=0; jobified=0
Direct3D:
    Version:  Direct3D 11.0 [level 11.1]
    Renderer: NVIDIA GeForce RTX 3070 (ID=0x2484)
    Vendor:   NVIDIA
    VRAM:     8043 MB
    Driver:   30.0.14.7212
Initialize mono
Mono path[0] = 'F:/DevelopTools/Unity/Engine/2021.3.4f1c1/Editor/Data/Managed'
Mono path[1] = 'F:/DevelopTools/Unity/Engine/2021.3.4f1c1/Editor/Data/MonoBleedingEdge/lib/mono/unityjit-win32'
Mono config path = 'F:/DevelopTools/Unity/Engine/2021.3.4f1c1/Editor/Data/MonoBleedingEdge/etc'
Using monoOptions --debugger-agent=transport=dt_socket,embedding=1,server=y,suspend=n,address=127.0.0.1:56052
Begin MonoManager ReloadAssembly
Registering precompiled unity dll's ...
Register platform support module: F:/DevelopTools/Unity/Engine/2021.3.4f1c1/Editor/Data/PlaybackEngines/WindowsStandaloneSupport/UnityEditor.WindowsStandalone.Extensions.dll
Registered in 0.003701 seconds.
Native extension for WindowsStandalone target not found
Refreshing native plugins compatible for Editor in 79.91 ms, found 3 plugins.
Preloading 0 native plugins for Editor in 0.00 ms.
Mono: successfully reloaded assembly
- Completed reload, in  0.587 seconds
Domain Reload Profiling:
	ReloadAssembly (587ms)
		BeginReloadAssembly (84ms)
			ExecutionOrderSort (0ms)
			DisableScriptedObjects (0ms)
			BackupInstance (0ms)
			ReleaseScriptingObjects (0ms)
			CreateAndSetChildDomain (1ms)
		EndReloadAssembly (402ms)
			LoadAssemblies (79ms)
			RebuildTransferFunctionScriptingTraits (0ms)
			SetupTypeCache (89ms)
			ReleaseScriptCaches (0ms)
			RebuildScriptCaches (28ms)
			SetupLoadedEditorAssemblies (233ms)
				LogAssemblyErrors (0ms)
				InitializePlatformSupportModulesInManaged (7ms)
				SetLoadedEditorAssemblies (0ms)
				RefreshPlugins (80ms)
				BeforeProcessingInitializeOnLoad (1ms)
				ProcessInitializeOnLoadAttributes (105ms)
				ProcessInitializeOnLoadMethodAttributes (40ms)
				AfterProcessingInitializeOnLoad (0ms)
				EditorAssembliesLoaded (0ms)
			ExecutionOrderSort2 (0ms)
			AwakeInstancesAfterBackupRestoration (0ms)
Platform modules already initialized, skipping
Registering precompiled user dll's ...
Registered in 0.011711 seconds.
Begin MonoManager ReloadAssembly
Symbol file LoadedFromMemory doesn't match image E:\Projects\Unity\URPDemo\Library\PackageCache\com.unity.visualscripting@1.7.8\Editor\VisualScripting.Core\Dependencies\YamlDotNet\Unity.VisualScripting.YamlDotNet.dll
Symbol file LoadedFromMemory doesn't match image E:\Projects\Unity\URPDemo\Library\PackageCache\com.unity.visualscripting@1.7.8\Editor\VisualScripting.Core\Dependencies\DotNetZip\Unity.VisualScripting.IonicZip.dll
Native extension for WindowsStandalone target not found
Refreshing native plugins compatible for Editor in 81.98 ms, found 3 plugins.
Preloading 0 native plugins for Editor in 0.00 ms.
Mono: successfully reloaded assembly
- Completed reload, in  1.133 seconds
Domain Reload Profiling:
	ReloadAssembly (1133ms)
		BeginReloadAssembly (117ms)
			ExecutionOrderSort (0ms)
			DisableScriptedObjects (5ms)
			BackupInstance (0ms)
			ReleaseScriptingObjects (0ms)
			CreateAndSetChildDomain (17ms)
		EndReloadAssembly (904ms)
			LoadAssemblies (100ms)
			RebuildTransferFunctionScriptingTraits (0ms)
			SetupTypeCache (242ms)
			ReleaseScriptCaches (1ms)
			RebuildScriptCaches (58ms)
			SetupLoadedEditorAssemblies (468ms)
				LogAssemblyErrors (0ms)
				InitializePlatformSupportModulesInManaged (4ms)
				SetLoadedEditorAssemblies (0ms)
				RefreshPlugins (82ms)
				BeforeProcessingInitializeOnLoad (96ms)
				ProcessInitializeOnLoadAttributes (210ms)
				ProcessInitializeOnLoadMethodAttributes (63ms)
				AfterProcessingInitializeOnLoad (13ms)
				EditorAssembliesLoaded (0ms)
			ExecutionOrderSort2 (0ms)
			AwakeInstancesAfterBackupRestoration (5ms)
Platform modules already initialized, skipping
========================================================================
Worker process is ready to serve import requests
Launched and connected shader compiler UnityShaderCompiler.exe after 0.06 seconds
Refreshing native plugins compatible for Editor in 0.81 ms, found 3 plugins.
Preloading 0 native plugins for Editor in 0.00 ms.
Unloading 3696 Unused Serialized files (Serialized files now loaded: 0)
Unloading 28 unused Assets / (371.1 KB). Loaded Objects now: 4178.
Memory consumption went from 151.3 MB to 150.9 MB.
Total: 2.772400 ms (FindLiveObjects: 0.314700 ms CreateObjectMapping: 0.241800 ms MarkObjects: 2.103700 ms  DeleteObjects: 0.110900 ms)

AssetImportParameters requested are different than current active one (requested -> active):
  custom:video-decoder-ogg-theora: a1e56fd34408186e4bbccfd4996cb3dc -> 
  custom:container-muxer-webm: aa71ff27fc2769a1b78a27578f13a17b -> 
  custom:container-demuxer-webm: 4f35f7cbe854078d1ac9338744f61a02 -> 
  custom:video-encoder-webm-vp8: eb34c28f22e8b96e1ab97ce403110664 -> 
  custom:audio-encoder-webm-vorbis: bf7c407c2cedff20999df2af8eb42d56 -> 
  custom:framework-win-MediaFoundation: 216162199b28c13a410421893ffa2e32 -> 
  custom:container-demuxer-ogg: 62fdf1f143b41e24485cea50d1cbac27 -> 
  custom:video-decoder-webm-vp8: 9c59270c3fd7afecdb556c50c9e8de78 -> 
  custom:audio-decoder-ogg-vorbis: bf7c407c2cedff20999df2af8eb42d56 -> 
========================================================================
Received Import Request.
  Time since last request: 4814.512025 seconds.
  path: Assets/Resources/Shader/UnitPass 1.hlsl
  artifactKey: Guid(8caf298d86226284dbe631893c7aecb9) Importer(815301076,1909f56bfc062723c751e8b465ee728b)
Start importing Assets/Resources/Shader/UnitPass 1.hlsl using Guid(8caf298d86226284dbe631893c7aecb9) Importer(815301076,1909f56bfc062723c751e8b465ee728b)  -> (artifact id: '7a5371816bbd31bc6f3989ca59f8937e') in 0.052787 seconds 
========================================================================
Received Import Request.
  Time since last request: 1.658250 seconds.
  path: Assets/Resources/Shader/LitPass.hlsl
  artifactKey: Guid(8caf298d86226284dbe631893c7aecb9) Importer(815301076,1909f56bfc062723c751e8b465ee728b)
Start importing Assets/Resources/Shader/LitPass.hlsl using Guid(8caf298d86226284dbe631893c7aecb9) Importer(815301076,1909f56bfc062723c751e8b465ee728b)  -> (artifact id: 'e540cdbeb81d26d03b6b7d5042612918') in 0.006681 seconds 
========================================================================
Received Import Request.
  Time since last request: 33.868930 seconds.
  path: Assets/Resources/Shader/LitPass.hlsl
  artifactKey: Guid(8caf298d86226284dbe631893c7aecb9) Importer(815301076,1909f56bfc062723c751e8b465ee728b)
Start importing Assets/Resources/Shader/LitPass.hlsl using Guid(8caf298d86226284dbe631893c7aecb9) Importer(815301076,1909f56bfc062723c751e8b465ee728b)  -> (artifact id: 'db2b0f383e72b9b904b9550e45074322') in 0.002306 seconds 
========================================================================
Received Import Request.
  Time since last request: 28.158559 seconds.
  path: Assets/Resources/Shader/LitPass.hlsl
  artifactKey: Guid(8caf298d86226284dbe631893c7aecb9) Importer(815301076,1909f56bfc062723c751e8b465ee728b)
Start importing Assets/Resources/Shader/LitPass.hlsl using Guid(8caf298d86226284dbe631893c7aecb9) Importer(815301076,1909f56bfc062723c751e8b465ee728b)  -> (artifact id: '6a589fc2087a4dea88f333a8029e2646') in 0.002462 seconds 
========================================================================
Received Import Request.
  Time since last request: 60.445390 seconds.
  path: Assets/Resources/Shader/LitPass.hlsl
  artifactKey: Guid(8caf298d86226284dbe631893c7aecb9) Importer(815301076,1909f56bfc062723c751e8b465ee728b)
Start importing Assets/Resources/Shader/LitPass.hlsl using Guid(8caf298d86226284dbe631893c7aecb9) Importer(815301076,1909f56bfc062723c751e8b465ee728b)  -> (artifact id: '3499b2cf2ff3acce3077b56cb006fbeb') in 0.002439 seconds 
========================================================================
Received Import Request.
  Time since last request: 3639.955425 seconds.
  path: Assets/YLPR/Runtime/CameraRenderer.cs
  artifactKey: Guid(fab668775d6ced04a929f45f26cc5a96) Importer(815301076,1909f56bfc062723c751e8b465ee728b)
Start importing Assets/YLPR/Runtime/CameraRenderer.cs using Guid(fab668775d6ced04a929f45f26cc5a96) Importer(815301076,1909f56bfc062723c751e8b465ee728b)  -> (artifact id: '08d45aa9a1aca24367e48c62c564b041') in 0.042466 seconds 
========================================================================
Received Import Request.
  Time since last request: 80.379282 seconds.
  path: Assets/YLPR/Runtime/YLRenderPipeline.cs
  artifactKey: Guid(77d488cd51067ff4ab35bb5827e8558a) Importer(815301076,1909f56bfc062723c751e8b465ee728b)
Start importing Assets/YLPR/Runtime/YLRenderPipeline.cs using Guid(77d488cd51067ff4ab35bb5827e8558a) Importer(815301076,1909f56bfc062723c751e8b465ee728b)  -> (artifact id: '50ea4fd6e0f6344b7e4dea7c7831f3ae') in 0.028136 seconds 
========================================================================
Received Import Request.
  Time since last request: 12.526954 seconds.
  path: Assets/YLPR/Runtime/YLRenderPipeline.cs
  artifactKey: Guid(77d488cd51067ff4ab35bb5827e8558a) Importer(815301076,1909f56bfc062723c751e8b465ee728b)
Start importing Assets/YLPR/Runtime/YLRenderPipeline.cs using Guid(77d488cd51067ff4ab35bb5827e8558a) Importer(815301076,1909f56bfc062723c751e8b465ee728b)  -> (artifact id: '422e7b323e6560af5074e45d30653f50') in 0.004239 seconds 
========================================================================
Received Import Request.
  Time since last request: 385.410766 seconds.
  path: Assets/YLPR/Runtime/YLRenderPiplineAsset.cs
  artifactKey: Guid(6c173ffee0943424794541901082ad28) Importer(815301076,1909f56bfc062723c751e8b465ee728b)
Start importing Assets/YLPR/Runtime/YLRenderPiplineAsset.cs using Guid(6c173ffee0943424794541901082ad28) Importer(815301076,1909f56bfc062723c751e8b465ee728b)  -> (artifact id: '3fe451337de9848a1421a2c175a144d7') in 0.021214 seconds 
========================================================================
Received Prepare
Registering precompiled user dll's ...
Registered in 0.010879 seconds.
Begin MonoManager ReloadAssembly
Symbol file LoadedFromMemory doesn't match image E:\Projects\Unity\URPDemo\Library\PackageCache\com.unity.visualscripting@1.7.8\Editor\VisualScripting.Core\Dependencies\YamlDotNet\Unity.VisualScripting.YamlDotNet.dll
Symbol file LoadedFromMemory doesn't match image E:\Projects\Unity\URPDemo\Library\PackageCache\com.unity.visualscripting@1.7.8\Editor\VisualScripting.Core\Dependencies\DotNetZip\Unity.VisualScripting.IonicZip.dll
The file 'MemoryStream' is corrupted! Remove it and launch unity again!
[Position out of bounds!]
Fatal Error! The file 'MemoryStream' is corrupted! Remove it and launch unity again!
[Position out of bounds!]
Crash!!!
SymInit: Symbol-SearchPath: 'F:/DevelopTools/Unity/Engine/2021.3.4f1c1/Editor/Data/Mono;.;E:\Projects\Unity\URPDemo;E:\Projects\Unity\URPDemo\Library\BurstCache\JIT;F:\DevelopTools\Unity\Engine\2021.3.4f1c1\Editor;C:\WINDOWS;C:\WINDOWS\system32;SRV*C:\websymbols*http://msdl.microsoft.com/download/symbols;', symOptions: 534, UserName: 'dingyalei'
OS-Version: 10.0.0
F:\DevelopTools\Unity\Engine\2021.3.4f1c1\Editor\Unity.exe:Unity.exe (00007FF74BAE0000), size: 80429056 (result: 0), SymType: '-deferred-', PDB: '', fileVersion: 2021.3.4.26661
C:\WINDOWS\SYSTEM32\ntdll.dll:ntdll.dll (00007FFFEC8B0000), size: 2060288 (result: 0), SymType: '-deferred-', PDB: '', fileVersion: 10.0.19041.1741
C:\WINDOWS\System32\KERNEL32.DLL:KERNEL32.DLL (00007FFFEC0D0000), size: 774144 (result: 0), SymType: '-deferred-', PDB: '', fileVersion: 10.0.19041.1741
C:\WINDOWS\System32\KERNELBASE.dll:KERNELBASE.dll (00007FFFEA350000), size: 2936832 (result: 0), SymType: '-deferred-', PDB: '', fileVersion: 10.0.19041.1741
C:\WINDOWS\System32\user32.dll:user32.dll (00007FFFEC1C0000), size: 1703936 (result: 0), SymType: '-deferred-', PDB: '', fileVersion: 10.0.19041.1503
C:\WINDOWS\System32\win32u.dll:win32u.dll (00007FFFEA320000), size: 139264 (result: 0), SymType: '-deferred-', PDB: '', fileVersion: 10.0.19041.1766
C:\WINDOWS\System32\GDI32.dll:GDI32.dll (00007FFFEC190000), size: 172032 (result: 0), SymType: '-deferred-', PDB: '', fileVersion: 10.0.19041.1620
C:\WINDOWS\System32\gdi32full.dll:gdi32full.dll (00007FFFEA210000), size: 1093632 (result: 0), SymType: '-deferred-', PDB: '', fileVersion: 10.0.19041.1706
C:\WINDOWS\System32\msvcp_win.dll:msvcp_win.dll (00007FFFEA000000), size: 643072 (result: 0), SymType: '-deferred-', PDB: '', fileVersion: 10.0.19041.789
C:\WINDOWS\System32\ucrtbase.dll:ucrtbase.dll (00007FFFEA0A0000), size: 1048576 (result: 0), SymType: '-deferred-', PDB: '', fileVersion: 10.0.19041.789
C:\WINDOWS\System32\advapi32.dll:advapi32.dll (00007FFFEBEE0000), size: 712704 (result: 0), SymType: '-deferred-', PDB: '', fileVersion: 10.0.19041.1682
C:\WINDOWS\System32\msvcrt.dll:msvcrt.dll (00007FFFEA9F0000), size: 647168 (result: 0), SymType: '-deferred-', PDB: '', fileVersion: 7.0.19041.546
C:\WINDOWS\System32\sechost.dll:sechost.dll (00007FFFEC360000), size: 638976 (result: 0), SymType: '-deferred-', PDB: '', fileVersion: 10.0.19041.1586
C:\WINDOWS\System32\RPCRT4.dll:RPCRT4.dll (00007FFFEBBC0000), size: 1200128 (result: 0), SymType: '-deferred-', PDB: '', fileVersion: 10.0.19041.1706
C:\WINDOWS\System32\shell32.dll:shell32.dll (00007FFFEB2B0000), size: 7618560 (result: 0), SymType: '-deferred-', PDB: '', fileVersion: 10.0.19041.1741
C:\WINDOWS\System32\setupapi.dll:setupapi.dll (00007FFFEC400000), size: 4648960 (result: 0), SymType: '-deferred-', PDB: '', fileVersion: 10.0.19041.1741
C:\WINDOWS\SYSTEM32\iphlpapi.dll:iphlpapi.dll (00007FFFE9430000), size: 241664 (result: 0), SymType: '-deferred-', PDB: '', fileVersion: 10.0.19041.546
C:\WINDOWS\System32\cfgmgr32.dll:cfgmgr32.dll (00007FFFEA6D0000), size: 319488 (result: 0), SymType: '-deferred-', PDB: '', fileVersion: 10.0.19041.1620
C:\WINDOWS\SYSTEM32\hid.dll:hid.dll (00007FFFE85C0000), size: 53248 (result: 0), SymType: '-deferred-', PDB: '', fileVersion: 10.0.19041.546
C:\WINDOWS\System32\bcrypt.dll:bcrypt.dll (00007FFFE9FD0000), size: 159744 (result: 0), SymType: '-deferred-', PDB: '', fileVersion: 10.0.19041.1023
C:\WINDOWS\System32\psapi.dll:psapi.dll (00007FFFEACA0000), size: 32768 (result: 0), SymType: '-deferred-', PDB: '', fileVersion: 10.0.19041.546
C:\WINDOWS\System32\WS2_32.dll:WS2_32.dll (00007FFFEABA0000), size: 438272 (result: 0), SymType: '-deferred-', PDB: '', fileVersion: 10.0.19041.546
C:\WINDOWS\SYSTEM32\dhcpcsvc.dll:dhcpcsvc.dll (00007FFFE3130000), size: 118784 (result: 0), SymType: '-deferred-', PDB: '', fileVersion: 10.0.19041.546
C:\WINDOWS\SYSTEM32\dhcpcsvc6.dll:dhcpcsvc6.dll (00007FFFE3060000), size: 94208 (result: 0), SymType: '-deferred-', PDB: '', fileVersion: 10.0.19041.546
C:\WINDOWS\System32\WINTRUST.dll:WINTRUST.dll (00007FFFEA1A0000), size: 421888 (result: 0), SymType: '-deferred-', PDB: '', fileVersion: 10.0.19041.1741
C:\WINDOWS\SYSTEM32\wsock32.dll:wsock32.dll (00007FFFD4730000), size: 36864 (result: 0), SymType: '-deferred-', PDB: '', fileVersion: 10.0.19041.1
C:\WINDOWS\System32\OLEAUT32.dll:OLEAUT32.dll (00007FFFEB090000), size: 839680 (result: 0), SymType: '-deferred-', PDB: '', fileVersion: 10.0.19041.985
C:\WINDOWS\System32\combase.dll:combase.dll (00007FFFEACB0000), size: 3489792 (result: 0), SymType: '-deferred-', PDB: '', fileVersion: 10.0.19041.1741
F:\DevelopTools\Unity\Engine\2021.3.4f1c1\Editor\libfbxsdk.dll:libfbxsdk.dll (00007FFF81130000), size: 10215424 (result: 0), SymType: '-deferred-', PDB: '', fileVersion: 2020.2.0.0
F:\DevelopTools\Unity\Engine\2021.3.4f1c1\Editor\optix.6.0.0.dll:optix.6.0.0.dll (00007FFFCA040000), size: 208896 (result: 0), SymType: '-deferred-', PDB: '', fileVersion: 6.0.0.0
F:\DevelopTools\Unity\Engine\2021.3.4f1c1\Editor\s3tcompress.dll:s3tcompress.dll (00007FFFCF970000), size: 180224 (result: 0), SymType: '-deferred-', PDB: ''
C:\WINDOWS\System32\IMM32.dll:IMM32.dll (00007FFFEC040000), size: 196608 (result: 0), SymType: '-deferred-', PDB: '', fileVersion: 10.0.19041.546
C:\WINDOWS\System32\ole32.dll:ole32.dll (00007FFFEB160000), size: 1220608 (result: 0), SymType: '-deferred-', PDB: '', fileVersion: 10.0.19041.1202
F:\DevelopTools\Unity\Engine\2021.3.4f1c1\Editor\etccompress.dll:etccompress.dll (00007FFF80C50000), size: 5066752 (result: 0), SymType: '-deferred-', PDB: ''
C:\WINDOWS\System32\SHLWAPI.dll:SHLWAPI.dll (00007FFFEC070000), size: 348160 (result: 0), SymType: '-deferred-', PDB: '', fileVersion: 10.0.19041.1706
C:\WINDOWS\System32\CRYPT32.dll:CRYPT32.dll (00007FFFEA7B0000), size: 1400832 (result: 0), SymType: '-deferred-', PDB: '', fileVersion: 10.0.19041.1320
F:\DevelopTools\Unity\Engine\2021.3.4f1c1\Editor\ispc_texcomp.dll:ispc_texcomp.dll (00007FFFC7BC0000), size: 1740800 (result: 0), SymType: '-deferred-', PDB: ''
F:\DevelopTools\Unity\Engine\2021.3.4f1c1\Editor\compress_bc7e.dll:compress_bc7e.dll (00007FFFAFB80000), size: 1441792 (result: 0), SymType: '-deferred-', PDB: ''
F:\DevelopTools\Unity\Engine\2021.3.4f1c1\Editor\FreeImage.dll:FreeImage.dll (0000000180000000), size: 6582272 (result: 0), SymType: '-deferred-', PDB: '', fileVersion: 3.18.0.0
F:\DevelopTools\Unity\Engine\2021.3.4f1c1\Editor\OpenImageDenoise.dll:OpenImageDenoise.dll (00007FFF7DDB0000), size: 48848896 (result: 0), SymType: '-deferred-', PDB: '', fileVersion: 1.4.2.0
F:\DevelopTools\Unity\Engine\2021.3.4f1c1\Editor\umbraoptimizer64.dll:umbraoptimizer64.dll (00007FFFA9CB0000), size: 1187840 (result: 0), SymType: '-deferred-', PDB: ''
F:\DevelopTools\Unity\Engine\2021.3.4f1c1\Editor\WinPixEventRuntime.dll:WinPixEventRuntime.dll (00007FFFD6A00000), size: 45056 (result: 0), SymType: '-deferred-', PDB: '', fileVersion: 1.0.1812.6001
F:\DevelopTools\Unity\Engine\2021.3.4f1c1\Editor\RadeonImageFilters.dll:RadeonImageFilters.dll (00007FFF7DAD0000), size: 2961408 (result: 0), SymType: '-deferred-', PDB: '', fileVersion: 1.7.0.0
F:\DevelopTools\Unity\Engine\2021.3.4f1c1\Editor\SketchUpAPI.dll:SketchUpAPI.dll (00007FFF768A0000), size: 9306112 (result: 0), SymType: '-deferred-', PDB: '', fileVersion: 20.2.172.0
C:\WINDOWS\SYSTEM32\VERSION.dll:VERSION.dll (00007FFFE1B60000), size: 40960 (result: 0), SymType: '-deferred-', PDB: '', fileVersion: 10.0.19041.546
C:\WINDOWS\SYSTEM32\dwmapi.dll:dwmapi.dll (00007FFFE6E10000), size: 192512 (result: 0), SymType: '-deferred-', PDB: '', fileVersion: 10.0.19041.746
C:\WINDOWS\SYSTEM32\WINMM.dll:WINMM.dll (00007FFFE00B0000), size: 159744 (result: 0), SymType: '-deferred-', PDB: '', fileVersion: 10.0.19041.546
C:\WINDOWS\SYSTEM32\WINHTTP.dll:WINHTTP.dll (00007FFFE2820000), size: 1089536 (result: 0), SymType: '-deferred-', PDB: '', fileVersion: 10.0.19041.1682
C:\WINDOWS\SYSTEM32\GLU32.dll:GLU32.dll (00007FFFBC7D0000), size: 180224 (result: 0), SymType: '-deferred-', PDB: '', fileVersion: 10.0.19041.1741
C:\WINDOWS\SYSTEM32\OPENGL32.dll:OPENGL32.dll (00007FFFA30D0000), size: 1204224 (result: 0), SymType: '-deferred-', PDB: '', fileVersion: 10.0.19041.1741
C:\WINDOWS\SYSTEM32\MSVCP140.dll:MSVCP140.dll (00007FFFD4FC0000), size: 577536 (result: 0), SymType: '-deferred-', PDB: '', fileVersion: 14.29.30135.0
C:\WINDOWS\SYSTEM32\VCRUNTIME140.dll:VCRUNTIME140.dll (00007FFFD4FA0000), size: 110592 (result: 0), SymType: '-deferred-', PDB: '', fileVersion: 14.29.30135.0
F:\DevelopTools\Unity\Engine\2021.3.4f1c1\Editor\tbb12.dll:tbb12.dll (00007FFFC9FD0000), size: 434176 (result: 0), SymType: '-deferred-', PDB: ''
F:\DevelopTools\Unity\Engine\2021.3.4f1c1\Editor\RadeonML.dll:RadeonML.dll (00007FFFD0890000), size: 94208 (result: 0), SymType: '-deferred-', PDB: '', fileVersion: 0.9.11.0
F:\DevelopTools\Unity\Engine\2021.3.4f1c1\Editor\SketchUpCommonPreferences.dll:SketchUpCommonPreferences.dll (00007FFFC8830000), size: 479232 (result: 0), SymType: '-deferred-', PDB: '', fileVersion: 20.2.172.37
C:\WINDOWS\SYSTEM32\Secur32.dll:Secur32.dll (00007FFFD51A0000), size: 49152 (result: 0), SymType: '-deferred-', PDB: '', fileVersion: 10.0.19041.546
C:\WINDOWS\SYSTEM32\VCRUNTIME140_1.dll:VCRUNTIME140_1.dll (00007FFFD4720000), size: 49152 (result: 0), SymType: '-deferred-', PDB: '', fileVersion: 14.29.30135.0
F:\DevelopTools\Unity\Engine\2021.3.4f1c1\Editor\tbbmalloc.dll:tbbmalloc.dll (00007FFFC9E70000), size: 282624 (result: 0), SymType: '-deferred-', PDB: ''
C:\WINDOWS\SYSTEM32\SSPICLI.DLL:SSPICLI.DLL (00007FFFE9E90000), size: 204800 (result: 0), SymType: '-deferred-', PDB: '', fileVersion: 10.0.19041.1586
F:\DevelopTools\Unity\Engine\2021.3.4f1c1\Editor\OpenRL.dll:OpenRL.dll (0000023F40760000), size: 12779520 (result: 0), SymType: '-deferred-', PDB: '', fileVersion: 1.5.0.2907
C:\WINDOWS\SYSTEM32\MSVCP100.dll:MSVCP100.dll (000000005A920000), size: 622592 (result: 0), SymType: '-deferred-', PDB: '', fileVersion: 10.0.40219.325
C:\WINDOWS\SYSTEM32\MSVCR100.dll:MSVCR100.dll (000000005A840000), size: 860160 (result: 0), SymType: '-deferred-', PDB: '', fileVersion: 10.0.40219.325
F:\DevelopTools\Unity\Engine\2021.3.4f1c1\Editor\embree.dll:embree.dll (00007FFF73890000), size: 16711680 (result: 0), SymType: '-deferred-', PDB: '', fileVersion: 2.14.0.0
F:\DevelopTools\Unity\Engine\2021.3.4f1c1\Editor\tbb.dll:tbb.dll (00007FFFC88E0000), size: 413696 (result: 0), SymType: '-deferred-', PDB: '', fileVersion: 2017.0.2016.1004
C:\WINDOWS\SYSTEM32\MSVCP120.dll:MSVCP120.dll (00007FFFC7E00000), size: 679936 (result: 0), SymType: '-deferred-', PDB: '', fileVersion: 12.0.40649.5
C:\WINDOWS\SYSTEM32\MSVCR120.dll:MSVCR120.dll (00007FFFC6A20000), size: 978944 (result: 0), SymType: '-deferred-', PDB: '', fileVersion: 12.0.40649.5
F:\DevelopTools\Unity\Engine\2021.3.4f1c1\Editor\OpenRL_pthread.dll:OpenRL_pthread.dll (0000023F413B0000), size: 61440 (result: 0), SymType: '-deferred-', PDB: '', fileVersion: 2.9.0.0
C:\WINDOWS\SYSTEM32\MSASN1.dll:MSASN1.dll (00007FFFE9BC0000), size: 73728 (result: 0), SymType: '-deferred-', PDB: '', fileVersion: 10.0.19041.546
C:\WINDOWS\SYSTEM32\CRYPTSP.dll:CRYPTSP.dll (00007FFFE9980000), size: 98304 (result: 0), SymType: '-deferred-', PDB: '', fileVersion: 10.0.19041.546
C:\WINDOWS\system32\rsaenh.dll:rsaenh.dll (00007FFFE90A0000), size: 212992 (result: 0), SymType: '-deferred-', PDB: '', fileVersion: 10.0.19041.1052
C:\WINDOWS\SYSTEM32\CRYPTBASE.dll:CRYPTBASE.dll (00007FFFE99A0000), size: 49152 (result: 0), SymType: '-deferred-', PDB: '', fileVersion: 10.0.19041.546
C:\WINDOWS\System32\bcryptPrimitives.dll:bcryptPrimitives.dll (00007FFFEA720000), size: 532480 (result: 0), SymType: '-deferred-', PDB: '', fileVersion: 10.0.19041.1415
C:\WINDOWS\SYSTEM32\MSWSOCK.DLL:MSWSOCK.DLL (00007FFFE9790000), size: 434176 (result: 0), SymType: '-deferred-', PDB: '', fileVersion: 10.0.19041.546
C:\WINDOWS\SYSTEM32\kernel.appcore.dll:kernel.appcore.dll (00007FFFE8880000), size: 73728 (result: 0), SymType: '-deferred-', PDB: '', fileVersion: 10.0.19041.546
C:\WINDOWS\system32\uxtheme.dll:uxtheme.dll (00007FFFE6B80000), size: 647168 (result: 0), SymType: '-deferred-', PDB: '', fileVersion: 10.0.19041.1620
C:\WINDOWS\System32\shcore.dll:shcore.dll (00007FFFEAA90000), size: 708608 (result: 0), SymType: '-deferred-', PDB: '', fileVersion: 10.0.19041.1741
C:\WINDOWS\SYSTEM32\windows.storage.dll:windows.storage.dll (00007FFFE72E0000), size: 7946240 (result: 0), SymType: '-deferred-', PDB: '', fileVersion: 10.0.19041.1741
C:\WINDOWS\SYSTEM32\Wldp.dll:Wldp.dll (00007FFFE9A30000), size: 180224 (result: 0), SymType: '-deferred-', PDB: '', fileVersion: 10.0.19041.1682
C:\WINDOWS\SYSTEM32\profapi.dll:profapi.dll (00007FFFE9F10000), size: 126976 (result: 0), SymType: '-deferred-', PDB: '', fileVersion: 10.0.19041.844
C:\WINDOWS\system32\IconCodecService.dll:IconCodecService.dll (00007FFFBC290000), size: 36864 (result: 0), SymType: '-deferred-', PDB: '', fileVersion: 10.0.19041.1
C:\WINDOWS\SYSTEM32\WindowsCodecs.dll:WindowsCodecs.dll (00007FFFE2930000), size: 1785856 (result: 0), SymType: '-deferred-', PDB: '', fileVersion: 10.0.19041.1706
C:\WINDOWS\System32\clbcatq.dll:clbcatq.dll (00007FFFEBF90000), size: 692224 (result: 0), SymType: '-deferred-', PDB: '', fileVersion: 2001.12.10941.16384
C:\WINDOWS\System32\netprofm.dll:netprofm.dll (00007FFFE4E80000), size: 253952 (result: 0), SymType: '-deferred-', PDB: '', fileVersion: 10.0.19041.906
C:\WINDOWS\System32\npmproxy.dll:npmproxy.dll (00007FFFE2B50000), size: 65536 (result: 0), SymType: '-deferred-', PDB: '', fileVersion: 10.0.19041.906
C:\WINDOWS\System32\NSI.dll:NSI.dll (00007FFFEBBB0000), size: 32768 (result: 0), SymType: '-deferred-', PDB: '', fileVersion: 10.0.19041.610
C:\WINDOWS\SYSTEM32\DNSAPI.dll:DNSAPI.dll (00007FFFE9470000), size: 831488 (result: 0), SymType: '-deferred-', PDB: '', fileVersion: 10.0.19041.1620
C:\Program Files\Bonjour\mdnsNSP.dll:mdnsNSP.dll (000000005BB10000), size: 155648 (result: 0), SymType: '-deferred-', PDB: '', fileVersion: 3.1.0.1
C:\WINDOWS\System32\fwpuclnt.dll:fwpuclnt.dll (00007FFFE12C0000), size: 524288 (result: 0), SymType: '-deferred-', PDB: '', fileVersion: 10.0.19041.1741
C:\Windows\System32\rasadhlp.dll:rasadhlp.dll (00007FFFE2B10000), size: 40960 (result: 0), SymType: '-deferred-', PDB: '', fileVersion: 10.0.19041.546
F:\DevelopTools\Unity\Engine\2021.3.4f1c1\Editor\NVUnityPlugin.DLL:NVUnityPlugin.DLL (00007FFFCA220000), size: 1536000 (result: 0), SymType: '-deferred-', PDB: ''
F:\DevelopTools\Unity\Engine\2021.3.4f1c1\Editor\Data\Tools\astcenc-avx2.dll:astcenc-avx2.dll (00007FFFCAE60000), size: 561152 (result: 0), SymType: '-deferred-', PDB: ''
C:\WINDOWS\SYSTEM32\d3d11.dll:d3d11.dll (00007FFFE85D0000), size: 2502656 (result: 0), SymType: '-deferred-', PDB: '', fileVersion: 10.0.19041.1741
C:\WINDOWS\SYSTEM32\dxgi.dll:dxgi.dll (00007FFFE88D0000), size: 995328 (result: 0), SymType: '-deferred-', PDB: '', fileVersion: 10.0.19041.1741
C:\WINDOWS\System32\DriverStore\FileRepository\nv_dispi.inf_amd64_19c79fb6254e3b11\nvldumdx.dll:nvldumdx.dll (00007FFFE1070000), size: 1073152 (result: 0), SymType: '-deferred-', PDB: '', fileVersion: 30.0.14.7212
C:\WINDOWS\SYSTEM32\cryptnet.dll:cryptnet.dll (00007FFFE1B20000), size: 200704 (result: 0), SymType: '-deferred-', PDB: '', fileVersion: 10.0.19041.906
C:\WINDOWS\SYSTEM32\drvstore.dll:drvstore.dll (00007FFFE23A0000), size: 1343488 (result: 0), SymType: '-deferred-', PDB: '', fileVersion: 10.0.19041.1566
C:\WINDOWS\SYSTEM32\devobj.dll:devobj.dll (00007FFFE9D80000), size: 180224 (result: 0), SymType: '-deferred-', PDB: '', fileVersion: 10.0.19041.1620
C:\WINDOWS\System32\imagehlp.dll:imagehlp.dll (00007FFFEB290000), size: 118784 (result: 0), SymType: '-deferred-', PDB: '', fileVersion: 10.0.19041.1415
C:\WINDOWS\System32\DriverStore\FileRepository\nv_dispi.inf_amd64_19c79fb6254e3b11\nvwgf2umx.dll:nvwgf2umx.dll (00007FFFAB010000), size: 77619200 (result: 0), SymType: '-deferred-', PDB: '', fileVersion: 30.0.14.7212
C:\WINDOWS\SYSTEM32\dxcore.dll:dxcore.dll (00007FFFE43E0000), size: 241664 (result: 0), SymType: '-deferred-', PDB: '', fileVersion: 10.0.19041.546
C:\WINDOWS\system32\wbem\wbemprox.dll:wbemprox.dll (00007FFFE11F0000), size: 69632 (result: 0), SymType: '-deferred-', PDB: '', fileVersion: 10.0.19041.1320
C:\WINDOWS\SYSTEM32\wbemcomn.dll:wbemcomn.dll (00007FFFDF9E0000), size: 589824 (result: 0), SymType: '-deferred-', PDB: '', fileVersion: 10.0.19041.1566
C:\WINDOWS\system32\wbem\wbemsvc.dll:wbemsvc.dll (00007FFFDE880000), size: 81920 (result: 0), SymType: '-deferred-', PDB: '', fileVersion: 10.0.19041.1320
C:\WINDOWS\system32\wbem\fastprox.dll:fastprox.dll (00007FFFDE8A0000), size: 1093632 (result: 0), SymType: '-deferred-', PDB: '', fileVersion: 10.0.19041.546
C:\WINDOWS\SYSTEM32\amsi.dll:amsi.dll (00007FFFDE7B0000), size: 131072 (result: 0), SymType: '-deferred-', PDB: '', fileVersion: 10.0.19041.1620
C:\WINDOWS\SYSTEM32\USERENV.dll:USERENV.dll (00007FFFE9ED0000), size: 188416 (result: 0), SymType: '-deferred-', PDB: '', fileVersion: 10.0.19041.572
C:\ProgramData\Microsoft\Windows Defender\Platform\4.18.2205.7-0\MpOav.dll:MpOav.dll (00007FFFDE730000), size: 503808 (result: 0), SymType: '-deferred-', PDB: '', fileVersion: 4.18.2205.7
F:\DevelopTools\Unity\Engine\2021.3.4f1c1\Editor\cudart64_90.dll:cudart64_90.dll (00007FFFCAF70000), size: 397312 (result: 0), SymType: '-deferred-', PDB: '', fileVersion: 6.14.11.9000
C:\WINDOWS\SYSTEM32\opencl.dll:opencl.dll (00007FFF7D960000), size: 1482752 (result: 0), SymType: '-deferred-', PDB: '', fileVersion: 3.0.1.0
F:\DevelopTools\Unity\Engine\2021.3.4f1c1\Editor\radeonrays.dll:radeonrays.dll (00007FFFA8C80000), size: 557056 (result: 0), SymType: '-deferred-', PDB: ''
F:\DevelopTools\Unity\Engine\2021.3.4f1c1\Editor\Data\MonoBleedingEdge\EmbedRuntime\mono-2.0-bdwgc.dll:mono-2.0-bdwgc.dll (00007FFF725D0000), size: 10612736 (result: 0), SymType: '-deferred-', PDB: ''
C:\WINDOWS\SYSTEM32\PROPSYS.dll:PROPSYS.dll (00007FFFE5110000), size: 1007616 (result: 0), SymType: '-deferred-', PDB: '', fileVersion: 7.0.19041.1741
C:\WINDOWS\WinSxS\amd64_microsoft.windows.common-controls_6595b64144ccf1df_6.0.19041.1110_none_60b5254171f9507e\comctl32.dll:comctl32.dll (00007FFFDDA10000), size: 2727936 (result: 0), SymType: '-deferred-', PDB: '', fileVersion: 6.10.19041.1110
C:\Windows\System32\thumbcache.dll:thumbcache.dll (00007FFFBF650000), size: 417792 (result: 0), SymType: '-deferred-', PDB: '', fileVersion: 10.0.19041.1741
C:\WINDOWS\SYSTEM32\policymanager.dll:policymanager.dll (00007FFFE4F70000), size: 655360 (result: 0), SymType: '-deferred-', PDB: '', fileVersion: 10.0.19041.1741
C:\WINDOWS\SYSTEM32\msvcp110_win.dll:msvcp110_win.dll (00007FFFE9130000), size: 565248 (result: 0), SymType: '-deferred-', PDB: '', fileVersion: 10.0.19041.546
C:\WINDOWS\SYSTEM32\dbghelp.dll:dbghelp.dll (00007FFFE83D0000), size: 1982464 (result: 0), SymType: '-deferred-', PDB: '', fileVersion: 10.0.19041.867

========== OUTPUTTING STACK TRACE ==================

0x00007FFFEA384FD9 (KERNELBASE) RaiseException
0x00007FF74D54792B (Unity) EditorMonoConsole::LogToConsoleImplementation
0x00007FF74D54841D (Unity) EditorMonoConsole::LogToConsoleImplementation
0x00007FF74E165897 (Unity) DebugStringToFilePostprocessedStacktrace
0x00007FF74E16502D (Unity) DebugStringToFile
0x00007FF74C77CE73 (Unity) CachedReader::OutOfBoundsError
0x00007FF74C77DD14 (Unity) CachedReader::UpdateReadCache
0x00007FF74CAA5BA1 (Unity) Transfer_Blittable_SingleValueField<StreamedBinaryRead,signed char>
0x00007FF74C9FF586 (Unity) ExecuteSerializationCommands<JSONRead>
0x00007FF74CA17808 (Unity) <lambda_580fa16bd23d18c3e466e7b58feca0a1>::operator()
0x00007FF74CA125A1 (Unity) TransferScriptingObject<StreamedBinaryRead>
0x00007FF74CA13B1C (Unity) SerializableManagedRefTransfer::TransferScriptingObjectWithSerializedRefSupport<StreamedBinaryRead>
0x00007FF74CA292AE (Unity) SerializableManagedRefTransfer::TransferBinaryInstanceOnly
0x00007FF74CA00F1F (Unity) SerializableManagedRefTransfer::RestoreBackupImpl<SerializableManagedRefBackupGenerator>
0x00007FF74CA00D45 (Unity) SerializableManagedRefTransfer::RestoreBackup<SerializableManagedRefBackupGenerator>
0x00007FF74CAC8BA2 (Unity) SerializableManagedRefsUtilities::RestoreBackups
0x00007FF74CA1C280 (Unity) MonoManager::EndReloadAssembly
0x00007FF74CA23CD8 (Unity) MonoManager::ReloadAssembly
0x00007FF74D96EFA2 (Unity) LoadDomainAndUserAssemblies
0x00007FF74D96F6D4 (Unity) LoadUserAssemblies
0x00007FF74DE5DC8F (Unity) <lambda_8ece0015a541af8bfc1f8557154b980e>::operator()
0x00007FF74DE9DBC2 (Unity) asio::detail::completion_handler<core::mutable_function<void __cdecl(void)>,asio::io_context::basic_executor_type<std::allocator<void>,0> >::do_complete
0x00007FF74DE8A1AE (Unity) asio::detail::win_iocp_io_context::do_one
0x00007FF74DE8BEA4 (Unity) asio::detail::win_iocp_io_context::run
0x00007FF74DE9C23E (Unity) IOService::Run
0x00007FF74DE6F2CF (Unity) AssetImportWorkerClient::Run
0x00007FF74DE39B53 (Unity) RunAssetImportWorkerClientV2
0x00007FF74DE39BDB (Unity) RunAssetImporterV2
0x00007FF74D661EC4 (Unity) Application::InitializeProject
0x00007FF74DABE678 (Unity) WinMain
0x00007FF74EE0FBFE (Unity) __scrt_common_main_seh
0x00007FFFEC0E7034 (KERNEL32) BaseThreadInitThunk
0x00007FFFEC902651 (ntdll) RtlUserThreadStart

========== END OF STACKTRACE ===========

A crash has been intercepted by the crash handler. For call stack and other details, see the latest crash report generated in:
 * C:/Users/DINGYA~1/AppData/Local/Temp/Unity/Editor/Crashes
